<?xml version="1.0" encoding="UTF-8"?>
<!-- Generated by org.testng.reporters.JUnitReportReporter -->
<testsuite skipped="0" hostname="EBIXDTSHUBHAMP" name="com.automation.tests.TC1" tests="1" failures="0" timestamp="31 Dec 2019 10:41:36 GMT" time="37.466" errors="0">
  <testcase name="execute" time="37.466" classname="com.automation.tests.TC1"/>
</testsuite> <!-- com.automation.tests.TC1 -->
